{"message":"Service https://google.com working","level":"low","createdAt":"2023-10-17T18:58:46.187Z"}
{"message":"Service https://google.com working","level":"low","createdAt":"2023-10-17T18:58:51.018Z"}
{"message":"Service https://google.com working","level":"low","createdAt":"2023-10-17T18:59:01.241Z"}
{"message":"Service https://google.com working","level":"low","createdAt":"2023-10-17T18:59:05.846Z"}
{"message":"Service https://google.com working","level":"low","createdAt":"2023-10-17T18:59:10.941Z"}
{"message":"Service https://google.com working","level":"low","createdAt":"2023-10-17T18:59:16.073Z"}
{"message":"Service https://google.com working","level":"low","createdAt":"2023-10-17T18:59:20.990Z"}
{"message":"Service https://google.com working","level":"low","createdAt":"2023-10-17T18:59:26.015Z"}
{"message":"Service https://google.com working","level":"low","createdAt":"2023-10-17T18:59:30.925Z"}
{"message":"Service https://google.com working","level":"low","createdAt":"2023-10-17T18:59:35.804Z"}
{"message":"Service https://google.com working","level":"low","createdAt":"2023-10-17T18:59:40.967Z"}
{"message":"Service https://google.com working","level":"low","createdAt":"2023-10-17T18:59:45.874Z"}
{"message":"Service https://google.com working","level":"low","createdAt":"2023-10-17T18:59:50.872Z"}
{"message":"Service https://google.com working","level":"low","createdAt":"2023-10-17T18:59:55.873Z"}
{"message":"Service https://google.com working","level":"low","createdAt":"2023-10-17T19:00:00.926Z"}
{"message":"Service https://google.com working","level":"low","createdAt":"2023-10-17T19:00:05.888Z"}
{"message":"Service https://google.com working","level":"low","createdAt":"2023-10-17T19:00:10.905Z"}
{"message":"Service https://google.com working","level":"low","createdAt":"2023-10-17T19:00:15.906Z"}
{"message":"Service https://google.com working","level":"low","createdAt":"2023-10-17T19:00:20.907Z"}
{"message":"Service https://google.com working","level":"low","createdAt":"2023-10-17T19:00:25.906Z"}
{"message":"Service https://google.com working","level":"low","createdAt":"2023-10-17T19:00:30.907Z"}
{"message":"Service https://google.com working","level":"low","createdAt":"2023-10-17T19:00:35.903Z"}
{"message":"Service https://google.com working","level":"low","createdAt":"2023-10-17T19:00:40.883Z"}
{"message":"Service https://google.com working","level":"low","createdAt":"2023-10-17T19:00:45.877Z"}
{"message":"Service https://google.com working","level":"low","createdAt":"2023-10-17T19:00:50.943Z"}
{"message":"Service https://google.com working","level":"low","createdAt":"2023-10-17T19:00:55.882Z"}
{"message":"Service https://google.com working","level":"low","createdAt":"2023-10-17T19:01:00.997Z"}
{"message":"Service https://google.com working","level":"low","createdAt":"2023-10-17T19:01:05.878Z"}
{"message":"Service https://google.com working","level":"low","createdAt":"2023-10-17T19:01:10.897Z"}
{"message":"Service https://google.com working","level":"low","createdAt":"2023-10-17T19:01:15.882Z"}
{"message":"Service https://google.com working","level":"low","createdAt":"2023-10-17T19:01:21.183Z"}
{"message":"Service https://google.com working","level":"low","createdAt":"2023-10-17T19:01:26.431Z"}
{"message":"Service https://google.com working","level":"low","createdAt":"2023-10-17T19:01:30.826Z"}
{"message":"Service https://google.com working","level":"low","createdAt":"2023-10-17T19:01:35.934Z"}
{"message":"Service https://google.com working","level":"low","createdAt":"2023-10-17T19:01:40.850Z"}
{"message":"Service https://google.com working","level":"low","createdAt":"2023-10-17T19:01:45.971Z"}
{"message":"Service https://google.com working","level":"low","createdAt":"2023-10-17T19:01:50.954Z"}
{"message":"Service https://google.com working","level":"low","createdAt":"2023-10-17T19:01:55.847Z"}
{"message":"Service https://google.com working","level":"low","createdAt":"2023-10-17T19:02:00.845Z"}
{"message":"Service https://google.com working","level":"low","createdAt":"2023-10-17T19:02:06.178Z"}
{"message":"Service https://google.com working","level":"low","createdAt":"2023-10-17T19:02:10.858Z"}
{"message":"Service https://google.com working","level":"low","createdAt":"2023-10-17T19:02:15.843Z"}
{"message":"Service https://google.com working","level":"low","createdAt":"2023-10-17T19:02:20.930Z"}
{"message":"Service https://google.com working","level":"low","createdAt":"2023-10-17T19:02:25.832Z"}
{"message":"Service https://google.com working","level":"medium","createdAt":"2023-10-17T19:02:36.083Z"}
{"message":"Service https://google.com working","level":"medium","createdAt":"2023-10-17T19:02:40.883Z"}
{"message":"Service https://google.com working","level":"low","createdAt":"2023-10-17T19:02:51.136Z"}
{"message":"Service https://google.com working","level":"low","createdAt":"2023-10-17T19:02:55.847Z"}
{"message":"Service https://google.com working","level":"low","createdAt":"2023-10-17T19:03:00.915Z"}
{"message":"Service https://google.com working","level":"low","createdAt":"2023-10-17T19:03:05.909Z"}
{"message":"Service https://google.com working","level":"low","createdAt":"2023-10-17T19:03:10.915Z"}
{"message":"Service https://google.com working","level":"low","createdAt":"2023-10-17T19:03:15.955Z"}
{"message":"Service https://google.com working","level":"low","createdAt":"2023-10-17T19:03:20.865Z"}
{"message":"Service https://google.com working","level":"low","createdAt":"2023-10-17T19:03:26.143Z"}
{"message":"Service https://google.com working","level":"low","createdAt":"2023-10-17T19:03:30.796Z"}
{"message":"Service https://google.com working","level":"low","createdAt":"2023-10-17T19:03:36.281Z"}
{"message":"Service https://google.com working","level":"low","createdAt":"2023-10-17T19:03:40.949Z"}
{"message":"Service https://google.com working","level":"low","createdAt":"2023-10-17T19:03:46.060Z"}
{"message":"Service https://google.com working","level":"low","createdAt":"2023-10-17T19:03:50.814Z"}
{"message":"Service https://google.com working","level":"low","createdAt":"2023-10-17T19:03:56.284Z"}
{"message":"Service https://google.com working","level":"low","createdAt":"2023-10-17T19:04:00.800Z"}
{"message":"Service https://google.com working","level":"low","createdAt":"2023-10-17T19:04:05.897Z"}
{"message":"Service https://google.com working","level":"low","createdAt":"2023-10-17T19:04:11.085Z"}
{"message":"Service https://google.com working","level":"low","createdAt":"2023-10-17T19:04:16.013Z"}
{"message":"Service https://google.com working","level":"low","createdAt":"2023-10-17T19:04:21.057Z"}
{"message":"Service https://google.com working","level":"low","createdAt":"2023-10-17T19:04:25.901Z"}
{"message":"Service https://google.com working","level":"low","createdAt":"2023-10-17T19:04:31.047Z"}
{"message":"Service https://google.com working","level":"low","createdAt":"2023-10-17T19:04:35.974Z"}
{"message":"Service https://google.com working","level":"low","createdAt":"2023-10-17T19:04:40.922Z"}
{"message":"Service https://google.com working","level":"low","createdAt":"2023-10-17T19:04:46.221Z"}
{"message":"Service https://google.com working","level":"low","createdAt":"2023-10-17T19:04:50.957Z"}
{"message":"Service https://google.com working","level":"low","createdAt":"2023-10-17T19:04:55.921Z"}
{"message":"TypeError: fetch failed","level":"low","createdAt":"2023-10-17T19:05:20.036Z"}
{"message":"TypeError: fetch failed","level":"low","createdAt":"2023-10-17T19:05:25.006Z"}
{"message":"TypeError: fetch failed","level":"low","createdAt":"2023-10-17T19:05:30.010Z"}
{"message":"TypeError: fetch failed","level":"low","createdAt":"2023-10-17T19:05:35.007Z"}
{"message":"TypeError: fetch failed","level":"high","createdAt":"2023-10-17T19:06:10.046Z"}
{"message":"TypeError: fetch failed","level":"high","createdAt":"2023-10-17T19:06:15.007Z"}
{"message":"TypeError: fetch failed","level":"high","createdAt":"2023-10-17T19:06:20.013Z"}
{"message":"TypeError: fetch failed","level":"high","createdAt":"2023-10-17T19:06:25.016Z"}
{"message":"TypeError: fetch failed","level":"high","createdAt":"2023-10-17T19:06:30.013Z"}
{"message":"TypeError: fetch failed","level":"high","createdAt":"2023-10-17T19:06:35.007Z"}
{"message":"http://localhost:3000 TypeError: fetch failed","level":"high","createdAt":"2023-10-17T19:06:45.047Z"}
{"message":"http://localhost:3000 is not ok TypeError: fetch failed","level":"high","createdAt":"2023-10-17T19:06:50.041Z"}
{"message":"http://localhost:3000 is not ok. TypeError: fetch failed","level":"high","createdAt":"2023-10-17T19:06:55.045Z"}
{"message":"http://localhost:3000 is not ok. TypeError: fetch failed","level":"high","createdAt":"2023-10-17T19:07:00.019Z"}
{"message":"http://localhost:3000 is not ok. TypeError: fetch failed","level":"high","createdAt":"2023-10-17T19:07:05.009Z"}
{"message":"http://localhost:3000 is not ok. TypeError: fetch failed","level":"high","createdAt":"2023-10-17T19:07:10.014Z"}
{"message":"http://localhost:3000 is not ok. TypeError: fetch failed","level":"high","createdAt":"2023-10-17T19:07:15.012Z"}
{"message":"http://localhost:3000 is not ok. TypeError: fetch failed","level":"high","createdAt":"2023-10-17T19:07:20.020Z"}
{"message":"http://localhost:3000 is not ok. TypeError: fetch failed","level":"high","createdAt":"2023-10-17T19:07:25.017Z"}
